STEP to UG
! INFO-     NX STEP AP214 - V2506.4001
! INFO-      
! INFO-     Start of Translation: 22-MAR-2026  5:45:20 PM
! INFO-      
! STATUS-   Converting Part: C:\Users\samve\OneDrive - UGent\Academiejaar 2025-26\Project gebruiksgericht ontwerpen\Jaarproject\Semester 2\Develop 2\CAD\Import\Grove Button.STEP
! SUMMARY-   
! SUMMARY-    STEP Header Information
! SUMMARY-   
! SUMMARY-  Description      STEP AP214
! SUMMARY-  Imp_Level        1
! SUMMARY-  File_Name        Grove Button.STEP
! SUMMARY-  Date             2020-11-24T16:22:01
! SUMMARY-  Author           Unknown
! SUMMARY-  Organization     Unknown
! SUMMARY-  Pre_Version      SwSTEP 2.0
! SUMMARY-  Orig_System      SolidWorks 2020
! SUMMARY-  Authorization    Unknown
! SUMMARY-  Schema_ID        automotive_design
! SUMMARY-   
! SUMMARY-    Summary of STEP Entities
! SUMMARY-   
! SUMMARY-  Entity Type                                                   Count
! SUMMARY-  -----------                                                   ------
! SUMMARY-  advanced_face ..............................................:    324
! SUMMARY-  application_context ........................................:     12
! SUMMARY-  axis2_placement_3d .........................................:    456
! SUMMARY-  cartesian_point ............................................:   1722
! SUMMARY-  circle .....................................................:    120
! SUMMARY-  closed_shell ...............................................:      4
! SUMMARY-  context_dependent_shape_representation .....................:      8
! SUMMARY-  cylindrical_surface ........................................:     58
! SUMMARY-  direction ..................................................:   1634
! SUMMARY-  edge_curve .................................................:    842
! SUMMARY-  edge_loop ..................................................:    346
! SUMMARY-  face_bound .................................................:     22
! SUMMARY-  face_outer_bound ...........................................:    324
! SUMMARY-  geometric_representation_context_and_global_uncertainty_a ..:    166
! SUMMARY-  item_defined_transformation ................................:      8
! SUMMARY-  length_unit_and_si_unit ....................................:    166
! SUMMARY-  line .......................................................:    722
! SUMMARY-  manifold_solid_brep ........................................:      4
! SUMMARY-  next_assembly_usage_occurrence .............................:      8
! SUMMARY-  oriented_edge ..............................................:   1684
! SUMMARY-  plane ......................................................:    264
! SUMMARY-  plane_angle_unit_and_si_unit ...............................:    166
! SUMMARY-  product ....................................................:      6
! SUMMARY-  product_context ............................................:      6
! SUMMARY-  product_definition .........................................:      6
! SUMMARY-  product_definition_context .................................:      6
! SUMMARY-  product_definition_formation_with_specified_source .........:      6
! SUMMARY-  product_definition_shape ...................................:     14
! SUMMARY-  product_related_product_category ...........................:      6
! SUMMARY-  representation_relationship_with_transformation_and_shape ..:      8
! SUMMARY-  shape_representation .......................................:      6
! SUMMARY-  si_unit_and_solid_angle_unit ...............................:    166
! SUMMARY-  toroidal_surface ...........................................:      2
! SUMMARY-  uncertainty_measure_with_unit ..............................:    166
! SUMMARY-  vector .....................................................:    722
! SUMMARY-  vertex_point ...............................................:    544
! SUMMARY-                                                               -------
! SUMMARY-  Total                                                          10724
! STATUS-    
! STATUS-   Converting to Output Form (Phase 2 of 3): 22-MAR-2026 5:45:20 PM
! STATUS-    
! INFO-     CV0305 The entities referenced by a context_dependant_shape_rep are
! INFO-       not coded as to STEP Part 43 requirements.  The references to the
! INFO-       component and assembly pieces is out of order.  We will attempt
! INFO-       to correct this with the given data.  This problem should be
! INFO-       reported to the translator vendor whose product generated this
! INFO-       STEP file.  If we are unable to rectify this problem the
! INFO-       components may be positioned incorrectly.
! INFO-      
! STATUS-    
! STATUS-   Generating UG geometry and placing them in parts
! STATUS-    
! STATUS-   Creating the UG part (Phase 3 of 3): 22-MAR-2026  5:45:21 PM
! INFO-     Filing Part ..: C:\Users\samve\OneDrive - UGent\Academiejaar 2025-26\Project gebruiksgericht ontwerpen\Jaarproject\Semester 2\Develop 2\CAD\Import\button
! SUMMARY-   
! SUMMARY-  Summary of Unigraphics Part Entities
! SUMMARY-   
! SUMMARY-  Entities Processed             Count
! SUMMARY-  ------------------             -----
! SUMMARY-  Solid/Sheet .................:     1
! SUMMARY-                                 -----
! SUMMARY-  Total                              1
! STATUS-   Creating the UG part (Phase 3 of 3): 22-MAR-2026  5:45:21 PM
! INFO-     Filing Part ..: C:\Users\samve\OneDrive - UGent\Academiejaar 2025-26\Project gebruiksgericht ontwerpen\Jaarproject\Semester 2\Develop 2\CAD\Import\foot (buton)
! SUMMARY-   
! SUMMARY-  Summary of Unigraphics Part Entities
! SUMMARY-   
! SUMMARY-  Entities Processed             Count
! SUMMARY-  ------------------             -----
! SUMMARY-  Solid/Sheet .................:     1
! SUMMARY-                                 -----
! SUMMARY-  Total                              1
! STATUS-   Creating the UG part (Phase 3 of 3): 22-MAR-2026  5:45:21 PM
! INFO-     Filing Part ..: C:\Users\samve\OneDrive - UGent\Academiejaar 2025-26\Project gebruiksgericht ontwerpen\Jaarproject\Semester 2\Develop 2\CAD\Import\PCB (small)
! SUMMARY-   
! SUMMARY-  Summary of Unigraphics Part Entities
! SUMMARY-   
! SUMMARY-  Entities Processed             Count
! SUMMARY-  ------------------             -----
! SUMMARY-  Solid/Sheet .................:     1
! SUMMARY-                                 -----
! SUMMARY-  Total                              1
! STATUS-   Creating the UG part (Phase 3 of 3): 22-MAR-2026  5:45:21 PM
! INFO-     Filing Part ..: C:\Users\samve\OneDrive - UGent\Academiejaar 2025-26\Project gebruiksgericht ontwerpen\Jaarproject\Semester 2\Develop 2\CAD\Import\Grove Connector (sit)
! SUMMARY-   
! SUMMARY-  Summary of Unigraphics Part Entities
! SUMMARY-   
! SUMMARY-  Entities Processed             Count
! SUMMARY-  ------------------             -----
! SUMMARY-  Solid/Sheet .................:     1
! SUMMARY-                                 -----
! SUMMARY-  Total                              1
! STATUS-   Creating the UG part (Phase 3 of 3): 22-MAR-2026  5:45:21 PM
! INFO-     Filing Part ..: C:\Users\samve\OneDrive - UGent\Academiejaar 2025-26\Project gebruiksgericht ontwerpen\Jaarproject\Semester 2\Develop 2\CAD\Import\button (mounted)
! SUMMARY-   
! SUMMARY-  Summary of Unigraphics Part Entities
! SUMMARY-   
! SUMMARY-  Entities Processed             Count
! SUMMARY-  ------------------             -----
! SUMMARY-  Component ...................:     5
! SUMMARY-                                 -----
! SUMMARY-  Total                              5
! STATUS-   Creating the UG part (Phase 3 of 3): 22-MAR-2026  5:45:21 PM
! INFO-     Filing Part ..: C:\Users\samve\OneDrive - UGent\Academiejaar 2025-26\Project gebruiksgericht ontwerpen\Jaarproject\Semester 2\Develop 2\CAD\Import\Grove Button_step.prt
! SUMMARY-   
! SUMMARY-  Summary of Unigraphics Part Entities
! SUMMARY-   
! SUMMARY-  Entities Processed             Count
! SUMMARY-  ------------------             -----
! SUMMARY-  Component ...................:     3
! SUMMARY-                                 -----
! SUMMARY-  Total                              3
! INFO-      
! INFO-     Total number of solids input for this translation       :         4
! INFO-      
! INFO-     Number of solids created without body validation faults :         4
! INFO-      
! INFO-     Number of solids created with body validation fault(s)  :         0
! INFO-      
! INFO-     Number of solids ending up as sheet bodies              :         0
! INFO-      
! INFO-     End of Translation: 22-MAR-2026  5:45:21 PM
! INFO-      
